  main.c
c:\users\jeawa\source\repos\c_study\basic\basic\main.c(18): warning C4133: '=': 'Node *'과(와) 'Node *' 사이의 형식이 호환되지 않습니다.
c:\users\jeawa\source\repos\c_study\basic\basic\main.c(23): warning C4047: 'return': 'int'의 간접 참조 수준이 'char [100]'과(와) 다릅니다.
c:\users\jeawa\source\repos\c_study\basic\basic\main.c(29): warning C4047: 'return': 'int'의 간접 참조 수준이 'void *'과(와) 다릅니다.
c:\users\jeawa\source\repos\c_study\basic\basic\main.c(34): warning C4133: '=': 'Node *'과(와) 'Node *' 사이의 형식이 호환되지 않습니다.
c:\users\jeawa\source\repos\c_study\basic\basic\main.c(36): warning C4047: 'return': 'int'의 간접 참조 수준이 'char *'과(와) 다릅니다.
c:\users\jeawa\source\repos\c_study\basic\basic\main.c(57): warning C4047: '함수': 'char *'의 간접 참조 수준이 'int'과(와) 다릅니다.
c:\users\jeawa\source\repos\c_study\basic\basic\main.c(57): warning C4024: 'getPriority': 형식 및 실제 매개 변수 1의 형식이 서로 다릅니다.
c:\users\jeawa\source\repos\c_study\basic\basic\main.c(60): warning C4047: '함수': 'const char *'의 간접 참조 수준이 'int'과(와) 다릅니다.
c:\users\jeawa\source\repos\c_study\basic\basic\main.c(60): warning C4024: 'strcat': 형식 및 실제 매개 변수 2의 형식이 서로 다릅니다.
c:\users\jeawa\source\repos\c_study\basic\basic\main.c(67): warning C4047: '함수': 'const char *'의 간접 참조 수준이 'int'과(와) 다릅니다.
c:\users\jeawa\source\repos\c_study\basic\basic\main.c(67): warning C4024: 'strcmp': 형식 및 실제 매개 변수 1의 형식이 서로 다릅니다.
c:\users\jeawa\source\repos\c_study\basic\basic\main.c(68): warning C4047: '함수': 'const char *'의 간접 참조 수준이 'int'과(와) 다릅니다.
c:\users\jeawa\source\repos\c_study\basic\basic\main.c(68): warning C4024: 'strcat': 형식 및 실제 매개 변수 2의 형식이 서로 다릅니다.
c:\users\jeawa\source\repos\c_study\basic\basic\main.c(79): warning C4047: '함수': 'const char *'의 간접 참조 수준이 'int'과(와) 다릅니다.
c:\users\jeawa\source\repos\c_study\basic\basic\main.c(79): warning C4024: 'strcat': 형식 및 실제 매개 변수 2의 형식이 서로 다릅니다.
c:\users\jeawa\source\repos\c_study\basic\basic\main.c(90): warning C4047: '함수': 'const char *'의 간접 참조 수준이 'int'과(와) 다릅니다.
c:\users\jeawa\source\repos\c_study\basic\basic\main.c(90): warning C4024: 'atoi': 형식 및 실제 매개 변수 1의 형식이 서로 다릅니다.
c:\users\jeawa\source\repos\c_study\basic\basic\main.c(91): warning C4047: '함수': 'const char *'의 간접 참조 수준이 'int'과(와) 다릅니다.
c:\users\jeawa\source\repos\c_study\basic\basic\main.c(91): warning C4024: 'atoi': 형식 및 실제 매개 변수 1의 형식이 서로 다릅니다.
c:\users\jeawa\source\repos\c_study\basic\basic\main.c(105): warning C4477: 'printf' : 서식 문자열 '%s'에 'char *' 형식의 인수가 필요하지만 variadic 인수 1의 형식이 'int'입니다.
c:\users\jeawa\source\repos\c_study\basic\basic\main.c(113): warning C4018: '<': signed 또는 unsigned가 일치하지 않습니다.
c:\users\jeawa\source\repos\c_study\basic\basic\main.c(130): warning C4018: '<': signed 또는 unsigned가 일치하지 않습니다.
c:\users\jeawa\source\repos\c_study\basic\basic\main.c(82): warning C4172: 지역 변수 또는 임시: res의 주소를 반환하고 있습니다.
  Basic.vcxproj -> C:\Users\jeawa\source\repos\C_Study\Basic\Debug\Basic.exe
